<?xml version="1.0" encoding="UTF-8"?>
<!-- Generated by org.testng.reporters.JUnitXMLReporter -->
<testsuite hostname="Anurag" name="Default test" tests="27" failures="0" timestamp="8 May 2019 09:27:11 GMT" time="8.555" errors="0">
  <testcase name="@BeforeClass precondition" time="0.0" classname="com.quadlabs.pagescript.CorporateManagementTest">
    <failure type="org.testng.TestNGException" message="
Parameter &amp;apos;browser&amp;apos; is required by @Configuration on method precondition but has not been marked @Optional or defined
in C:\Users\Anurag.Upadhyay\AppData\Local\Temp\testng-eclipse-627539965\testng-customsuite.xml">
      <![CDATA[org.testng.TestNGException: 
Parameter 'browser' is required by @Configuration on method precondition but has not been marked @Optional or defined
in C:\Users\Anurag.Upadhyay\AppData\Local\Temp\testng-eclipse-627539965\testng-customsuite.xml
	at org.testng.internal.Parameters.createParameters(Parameters.java:154)
	at org.testng.internal.Parameters.createParameters(Parameters.java:361)
	at org.testng.internal.Parameters.createConfigurationParameters(Parameters.java:84)
	at org.testng.internal.Invoker.invokeConfigurations(Invoker.java:201)
	at org.testng.internal.Invoker.invokeConfigurations(Invoker.java:142)
	at org.testng.internal.TestMethodWorker.invokeBeforeClassMethods(TestMethodWorker.java:178)
	at org.testng.internal.TestMethodWorker.run(TestMethodWorker.java:108)
	at org.testng.TestRunner.privateRun(TestRunner.java:782)
	at org.testng.TestRunner.run(TestRunner.java:632)
	at org.testng.SuiteRunner.runTest(SuiteRunner.java:366)
	at org.testng.SuiteRunner.runSequentially(SuiteRunner.java:361)
	at org.testng.SuiteRunner.privateRun(SuiteRunner.java:319)
	at org.testng.SuiteRunner.run(SuiteRunner.java:268)
	at org.testng.SuiteRunnerWorker.runSuite(SuiteRunnerWorker.java:52)
	at org.testng.SuiteRunnerWorker.run(SuiteRunnerWorker.java:86)
	at org.testng.TestNG.runSuitesSequentially(TestNG.java:1244)
	at org.testng.TestNG.runSuitesLocally(TestNG.java:1169)
	at org.testng.TestNG.run(TestNG.java:1064)
	at org.testng.remote.RemoteTestNG.run(RemoteTestNG.java:113)
	at org.testng.remote.RemoteTestNG.initAndRun(RemoteTestNG.java:206)
	at org.testng.remote.RemoteTestNG.main(RemoteTestNG.java:177)
]]>
    </failure>
  </testcase> <!-- @BeforeClass precondition -->
  <testcase name="@BeforeClass corp" time="0.0" classname="com.quadlabs.pagescript.CorporateManagementTest">
    <skipped/>
  </testcase> <!-- @BeforeClass corp -->
  <testcase name="@AfterClass postcondition" time="0.0" classname="com.quadlabs.pagescript.CorporateManagementTest">
    <skipped/>
  </testcase> <!-- @AfterClass postcondition -->
  <testcase name="@AfterTest endReport" time="0.0" classname="com.quadlabs.pagescript.CorporateManagementTest">
    <skipped/>
  </testcase> <!-- @AfterTest endReport -->
  <testcase name="managedivision" time="0.002" classname="com.quadlabs.pagescript.CorporateManagementTest">
    <skipped/>
  </testcase> <!-- managedivision -->
  <testcase name="managedivision" time="0.001" classname="com.quadlabs.pagescript.CorporateManagementTest">
    <skipped/>
  </testcase> <!-- managedivision -->
  <testcase name="managedivision" time="0.001" classname="com.quadlabs.pagescript.CorporateManagementTest">
    <skipped/>
  </testcase> <!-- managedivision -->
  <testcase name="managedivision" time="0.003" classname="com.quadlabs.pagescript.CorporateManagementTest">
    <skipped/>
  </testcase> <!-- managedivision -->
  <testcase name="managedivision" time="0.0" classname="com.quadlabs.pagescript.CorporateManagementTest">
    <skipped/>
  </testcase> <!-- managedivision -->
  <testcase name="managedivision" time="0.0" classname="com.quadlabs.pagescript.CorporateManagementTest">
    <skipped/>
  </testcase> <!-- managedivision -->
  <testcase name="closediv" time="0.0" classname="com.quadlabs.pagescript.CorporateManagementTest">
    <skipped/>
  </testcase> <!-- closediv -->
  <testcase name="managebranch" time="0.001" classname="com.quadlabs.pagescript.CorporateManagementTest">
    <skipped/>
  </testcase> <!-- managebranch -->
  <testcase name="closebranch" time="0.001" classname="com.quadlabs.pagescript.CorporateManagementTest">
    <skipped/>
  </testcase> <!-- closebranch -->
  <testcase name="department" time="0.0" classname="com.quadlabs.pagescript.CorporateManagementTest">
    <skipped/>
  </testcase> <!-- department -->
  <testcase name="closedepartment" time="0.0" classname="com.quadlabs.pagescript.CorporateManagementTest">
    <skipped/>
  </testcase> <!-- closedepartment -->
  <testcase name="Designation" time="0.001" classname="com.quadlabs.pagescript.CorporateManagementTest">
    <skipped/>
  </testcase> <!-- Designation -->
  <testcase name="closedesignation" time="0.001" classname="com.quadlabs.pagescript.CorporateManagementTest">
    <skipped/>
  </testcase> <!-- closedesignation -->
  <testcase name="EmployeeGrade" time="0.0" classname="com.quadlabs.pagescript.CorporateManagementTest">
    <skipped/>
  </testcase> <!-- EmployeeGrade -->
  <testcase name="closegrade" time="0.0" classname="com.quadlabs.pagescript.CorporateManagementTest">
    <skipped/>
  </testcase> <!-- closegrade -->
  <testcase name="expirtationalert" time="0.0" classname="com.quadlabs.pagescript.CorporateManagementTest">
    <skipped/>
  </testcase> <!-- expirtationalert -->
  <testcase name="expirationalert" time="0.0" classname="com.quadlabs.pagescript.CorporateManagementTest">
    <skipped/>
  </testcase> <!-- expirationalert -->
  <testcase name="TravelCategory" time="0.0" classname="com.quadlabs.pagescript.CorporateManagementTest">
    <skipped/>
  </testcase> <!-- TravelCategory -->
  <testcase name="category" time="0.0" classname="com.quadlabs.pagescript.CorporateManagementTest">
    <skipped/>
  </testcase> <!-- category -->
  <testcase name="costCenter" time="0.001" classname="com.quadlabs.pagescript.CorporateManagementTest">
    <skipped/>
  </testcase> <!-- costCenter -->
  <testcase name="costcenter" time="0.0" classname="com.quadlabs.pagescript.CorporateManagementTest">
    <skipped/>
  </testcase> <!-- costcenter -->
  <testcase name="pdreasonoutpolicy" time="0.0" classname="com.quadlabs.pagescript.CorporateManagementTest">
    <skipped/>
  </testcase> <!-- pdreasonoutpolicy -->
  <testcase name="outpolicyclose" time="0.0" classname="com.quadlabs.pagescript.CorporateManagementTest">
    <skipped/>
  </testcase> <!-- outpolicyclose -->
  <testcase name="project" time="0.0" classname="com.quadlabs.pagescript.CorporateManagementTest">
    <skipped/>
  </testcase> <!-- project -->
  <testcase name="projectclose" time="0.0" classname="com.quadlabs.pagescript.CorporateManagementTest">
    <skipped/>
  </testcase> <!-- projectclose -->
  <testcase name="corporatecard" time="0.0" classname="com.quadlabs.pagescript.CorporateManagementTest">
    <skipped/>
  </testcase> <!-- corporatecard -->
  <testcase name="corporatecard" time="0.0" classname="com.quadlabs.pagescript.CorporateManagementTest">
    <skipped/>
  </testcase> <!-- corporatecard -->
</testsuite> <!-- Default test -->
