<?xml version="1.0" encoding="UTF-8"?>
<!-- Generated by org.testng.reporters.JUnitXMLReporter -->
<testsuite hostname="Anurag" name="Test" tests="1" failures="0" timestamp="8 May 2019 11:48:17 GMT" time="45.36" errors="0">
  <testcase name="@AfterClass postcondition" time="0.0" classname="com.quadlabs.pagescript.hotel.LoginHotelTest">
    <failure type="java.lang.IllegalArgumentException" message="wrong number of arguments">
      <![CDATA[java.lang.IllegalArgumentException: wrong number of arguments
... Removed 24 stack frames]]>
    </failure>
  </testcase> <!-- @AfterClass postcondition -->
  <testcase name="validlogintest" time="40.831" classname="com.quadlabs.pagescript.hotel.LoginHotelTest"/>
</testsuite> <!-- Test -->
